c:\users\gerardo\documents\visual studio 2013\projects\proyecto_embarcacion\proyecto_embarcacion\debug\proyecto_embarcacion.pch
c:\users\gerardo\documents\visual studio 2013\projects\proyecto_embarcacion\proyecto_embarcacion\debug\vc120.pdb
c:\users\gerardo\documents\visual studio 2013\projects\proyecto_embarcacion\proyecto_embarcacion\debug\vc120.idb
c:\users\gerardo\documents\visual studio 2013\projects\proyecto_embarcacion\proyecto_embarcacion\debug\stdafx.obj
c:\users\gerardo\documents\visual studio 2013\projects\proyecto_embarcacion\proyecto_embarcacion\debug\bezier.obj
c:\users\gerardo\documents\visual studio 2013\projects\proyecto_embarcacion\proyecto_embarcacion\debug\colorrgb.obj
c:\users\gerardo\documents\visual studio 2013\projects\proyecto_embarcacion\proyecto_embarcacion\debug\foco.obj
c:\users\gerardo\documents\visual studio 2013\projects\proyecto_embarcacion\proyecto_embarcacion\debug\linea.obj
c:\users\gerardo\documents\visual studio 2013\projects\proyecto_embarcacion\proyecto_embarcacion\debug\lista.obj
c:\users\gerardo\documents\visual studio 2013\projects\proyecto_embarcacion\proyecto_embarcacion\debug\listapuerto.obj
c:\users\gerardo\documents\visual studio 2013\projects\proyecto_embarcacion\proyecto_embarcacion\debug\matriz3d.obj
c:\users\gerardo\documents\visual studio 2013\projects\proyecto_embarcacion\proyecto_embarcacion\debug\nodo.obj
c:\users\gerardo\documents\visual studio 2013\projects\proyecto_embarcacion\proyecto_embarcacion\debug\proyecto_embarcacion.obj
c:\users\gerardo\documents\visual studio 2013\projects\proyecto_embarcacion\proyecto_embarcacion\debug\proyecto_embarcaciondlg.obj
c:\users\gerardo\documents\visual studio 2013\projects\proyecto_embarcacion\proyecto_embarcacion\debug\puerto.obj
c:\users\gerardo\documents\visual studio 2013\projects\proyecto_embarcacion\proyecto_embarcacion\debug\punto.obj
c:\users\gerardo\documents\visual studio 2013\projects\proyecto_embarcacion\proyecto_embarcacion\debug\superficie.obj
c:\users\gerardo\documents\visual studio 2013\projects\proyecto_embarcacion\proyecto_embarcacion\debug\vector.obj
c:\users\gerardo\documents\visual studio 2013\projects\proyecto_embarcacion\proyecto_embarcacion\debug\ventana.obj
c:\users\gerardo\documents\visual studio 2013\projects\proyecto_embarcacion\proyecto_embarcacion\debug\vertice.obj
c:\users\gerardo\documents\visual studio 2013\projects\proyecto_embarcacion\proyecto_embarcacion\debug\objeto3d.obj
c:\users\gerardo\documents\visual studio 2013\projects\proyecto_embarcacion\proyecto_embarcacion\debug\proyecto_embarcacion.res
c:\users\gerardo\documents\visual studio 2013\projects\proyecto_embarcacion\debug\proyecto_embarcacion.pdb
c:\users\gerardo\documents\visual studio 2013\projects\proyecto_embarcacion\proyecto_embarcacion\debug\proyecto.9f791b36.tlog\cl.command.1.tlog
c:\users\gerardo\documents\visual studio 2013\projects\proyecto_embarcacion\proyecto_embarcacion\debug\proyecto.9f791b36.tlog\cl.read.1.tlog
c:\users\gerardo\documents\visual studio 2013\projects\proyecto_embarcacion\proyecto_embarcacion\debug\proyecto.9f791b36.tlog\cl.write.1.tlog
c:\users\gerardo\documents\visual studio 2013\projects\proyecto_embarcacion\proyecto_embarcacion\debug\proyecto.9f791b36.tlog\link-cvtres.read.1.tlog
c:\users\gerardo\documents\visual studio 2013\projects\proyecto_embarcacion\proyecto_embarcacion\debug\proyecto.9f791b36.tlog\link-cvtres.write.1.tlog
c:\users\gerardo\documents\visual studio 2013\projects\proyecto_embarcacion\proyecto_embarcacion\debug\proyecto.9f791b36.tlog\link-mt.read.1.tlog
c:\users\gerardo\documents\visual studio 2013\projects\proyecto_embarcacion\proyecto_embarcacion\debug\proyecto.9f791b36.tlog\link-mt.write.1.tlog
c:\users\gerardo\documents\visual studio 2013\projects\proyecto_embarcacion\proyecto_embarcacion\debug\proyecto.9f791b36.tlog\link-rc.read.1.tlog
c:\users\gerardo\documents\visual studio 2013\projects\proyecto_embarcacion\proyecto_embarcacion\debug\proyecto.9f791b36.tlog\link-rc.write.1.tlog
c:\users\gerardo\documents\visual studio 2013\projects\proyecto_embarcacion\proyecto_embarcacion\debug\proyecto.9f791b36.tlog\link.command.1.tlog
c:\users\gerardo\documents\visual studio 2013\projects\proyecto_embarcacion\proyecto_embarcacion\debug\proyecto.9f791b36.tlog\link.read.1.tlog
c:\users\gerardo\documents\visual studio 2013\projects\proyecto_embarcacion\proyecto_embarcacion\debug\proyecto.9f791b36.tlog\link.write.1.tlog
c:\users\gerardo\documents\visual studio 2013\projects\proyecto_embarcacion\proyecto_embarcacion\debug\proyecto.9f791b36.tlog\rc.command.1.tlog
c:\users\gerardo\documents\visual studio 2013\projects\proyecto_embarcacion\proyecto_embarcacion\debug\proyecto.9f791b36.tlog\rc.read.1.tlog
c:\users\gerardo\documents\visual studio 2013\projects\proyecto_embarcacion\proyecto_embarcacion\debug\proyecto.9f791b36.tlog\rc.write.1.tlog
